  [1m[36m (144.8ms)[0m  [1mCREATE TABLE `schema_migrations` (`version` varchar(255) NOT NULL) ENGINE=InnoDB[0m
  [1m[35m (223.1ms)[0m  CREATE UNIQUE INDEX `unique_schema_migrations`  ON `schema_migrations` (`version`) 
  [1m[36mActiveRecord::SchemaMigration Load (0.2ms)[0m  [1mSELECT `schema_migrations`.* FROM `schema_migrations`[0m
  [1m[36m (0.5ms)[0m  [1mDROP DATABASE IF EXISTS `tdd_exec_test`[0m
  [1m[35m (0.3ms)[0m  CREATE DATABASE `tdd_exec_test` DEFAULT CHARACTER SET `utf8` COLLATE `utf8_unicode_ci`
  [1m[36m (178.8ms)[0m  [1mCREATE TABLE `schema_migrations` (`version` varchar(255) NOT NULL) ENGINE=InnoDB[0m
  [1m[35m (206.9ms)[0m  CREATE UNIQUE INDEX `unique_schema_migrations`  ON `schema_migrations` (`version`) 
  [1m[36m (0.3ms)[0m  [1mSELECT version FROM `schema_migrations`[0m
  [1m[35m (90.3ms)[0m  INSERT INTO `schema_migrations` (version) VALUES ('0')
  [1m[36m (43.2ms)[0m  [1mDROP DATABASE IF EXISTS `tdd_exec_test`[0m
  [1m[35m (0.3ms)[0m  CREATE DATABASE `tdd_exec_test` DEFAULT CHARACTER SET `utf8` COLLATE `utf8_unicode_ci`
  [1m[36m (94.0ms)[0m  [1mCREATE TABLE `schema_migrations` (`version` varchar(255) NOT NULL) ENGINE=InnoDB[0m
  [1m[35m (190.4ms)[0m  CREATE UNIQUE INDEX `unique_schema_migrations`  ON `schema_migrations` (`version`) 
  [1m[36m (0.3ms)[0m  [1mSELECT version FROM `schema_migrations`[0m
  [1m[35m (57.1ms)[0m  INSERT INTO `schema_migrations` (version) VALUES ('0')


Started GET "/" for 127.0.0.1 at 2015-05-19 12:39:13 +0530
  [1m[36mActiveRecord::SchemaMigration Load (0.3ms)[0m  [1mSELECT `schema_migrations`.* FROM `schema_migrations`[0m

ActiveRecord::PendingMigrationError (

Migrations are pending. To resolve this issue, run:

	bin/rake db:migrate RAILS_ENV=development

):
  activerecord (4.2.1) lib/active_record/migration.rb:393:in `check_pending!'
  activerecord (4.2.1) lib/active_record/migration.rb:374:in `call'
  actionpack (4.2.1) lib/action_dispatch/middleware/callbacks.rb:29:in `block in call'
  activesupport (4.2.1) lib/active_support/callbacks.rb:88:in `call'
  activesupport (4.2.1) lib/active_support/callbacks.rb:88:in `_run_callbacks'
  activesupport (4.2.1) lib/active_support/callbacks.rb:776:in `_run_call_callbacks'
  activesupport (4.2.1) lib/active_support/callbacks.rb:81:in `run_callbacks'
  actionpack (4.2.1) lib/action_dispatch/middleware/callbacks.rb:27:in `call'
  actionpack (4.2.1) lib/action_dispatch/middleware/reloader.rb:73:in `call'
  actionpack (4.2.1) lib/action_dispatch/middleware/remote_ip.rb:78:in `call'
  actionpack (4.2.1) lib/action_dispatch/middleware/debug_exceptions.rb:17:in `call'
  web-console (2.1.2) lib/web_console/middleware.rb:37:in `call'
  actionpack (4.2.1) lib/action_dispatch/middleware/show_exceptions.rb:30:in `call'
  railties (4.2.1) lib/rails/rack/logger.rb:38:in `call_app'
  railties (4.2.1) lib/rails/rack/logger.rb:20:in `block in call'
  activesupport (4.2.1) lib/active_support/tagged_logging.rb:68:in `block in tagged'
  activesupport (4.2.1) lib/active_support/tagged_logging.rb:26:in `tagged'
  activesupport (4.2.1) lib/active_support/tagged_logging.rb:68:in `tagged'
  railties (4.2.1) lib/rails/rack/logger.rb:20:in `call'
  actionpack (4.2.1) lib/action_dispatch/middleware/request_id.rb:21:in `call'
  rack (1.6.1) lib/rack/methodoverride.rb:22:in `call'
  rack (1.6.1) lib/rack/runtime.rb:18:in `call'
  activesupport (4.2.1) lib/active_support/cache/strategy/local_cache_middleware.rb:28:in `call'
  rack (1.6.1) lib/rack/lock.rb:17:in `call'
  actionpack (4.2.1) lib/action_dispatch/middleware/static.rb:113:in `call'
  rack (1.6.1) lib/rack/sendfile.rb:113:in `call'
  railties (4.2.1) lib/rails/engine.rb:518:in `call'
  railties (4.2.1) lib/rails/application.rb:164:in `call'
  rack (1.6.1) lib/rack/lock.rb:17:in `call'
  rack (1.6.1) lib/rack/content_length.rb:15:in `call'
  rack (1.6.1) lib/rack/handler/webrick.rb:89:in `service'
  /home/sapana/.rvm/rubies/ruby-2.0.0-p451/lib/ruby/2.0.0/webrick/httpserver.rb:138:in `service'
  /home/sapana/.rvm/rubies/ruby-2.0.0-p451/lib/ruby/2.0.0/webrick/httpserver.rb:94:in `run'
  /home/sapana/.rvm/rubies/ruby-2.0.0-p451/lib/ruby/2.0.0/webrick/server.rb:295:in `block in start_thread'


  Rendered /home/sapana/.rvm/gems/ruby-2.0.0-p451@tdd_exec/gems/actionpack-4.2.1/lib/action_dispatch/middleware/templates/rescues/_source.erb (4.6ms)
  Rendered /home/sapana/.rvm/gems/ruby-2.0.0-p451@tdd_exec/gems/actionpack-4.2.1/lib/action_dispatch/middleware/templates/rescues/_trace.html.erb (2.7ms)
  Rendered /home/sapana/.rvm/gems/ruby-2.0.0-p451@tdd_exec/gems/actionpack-4.2.1/lib/action_dispatch/middleware/templates/rescues/_request_and_response.html.erb (1.8ms)
  Rendered /home/sapana/.rvm/gems/ruby-2.0.0-p451@tdd_exec/gems/actionpack-4.2.1/lib/action_dispatch/middleware/templates/rescues/diagnostics.html.erb within rescues/layout (69.3ms)
  Rendered /home/sapana/.rvm/gems/ruby-2.0.0-p451@tdd_exec/gems/web-console-2.1.2/lib/web_console/templates/_markup.html.erb (0.7ms)
  Rendered /home/sapana/.rvm/gems/ruby-2.0.0-p451@tdd_exec/gems/web-console-2.1.2/lib/web_console/templates/style.css.erb within layouts/inlined_string (0.6ms)
  Rendered /home/sapana/.rvm/gems/ruby-2.0.0-p451@tdd_exec/gems/web-console-2.1.2/lib/web_console/templates/_inner_console_markup.html.erb within layouts/inlined_string (0.4ms)
  Rendered /home/sapana/.rvm/gems/ruby-2.0.0-p451@tdd_exec/gems/web-console-2.1.2/lib/web_console/templates/_prompt_box_markup.html.erb within layouts/inlined_string (0.5ms)
  Rendered /home/sapana/.rvm/gems/ruby-2.0.0-p451@tdd_exec/gems/web-console-2.1.2/lib/web_console/templates/console.js.erb within layouts/javascript (27.0ms)
  Rendered /home/sapana/.rvm/gems/ruby-2.0.0-p451@tdd_exec/gems/web-console-2.1.2/lib/web_console/templates/main.js.erb within layouts/javascript (0.6ms)
  Rendered /home/sapana/.rvm/gems/ruby-2.0.0-p451@tdd_exec/gems/web-console-2.1.2/lib/web_console/templates/error_page.js.erb within layouts/javascript (0.7ms)
  Rendered /home/sapana/.rvm/gems/ruby-2.0.0-p451@tdd_exec/gems/web-console-2.1.2/lib/web_console/templates/index.html.erb (61.7ms)
  [1m[36mActiveRecord::SchemaMigration Load (0.1ms)[0m  [1mSELECT `schema_migrations`.* FROM `schema_migrations`[0m
Migrating to CreateUsers (20150518112721)
  [1m[35m (165.6ms)[0m  CREATE TABLE `users` (`id` int(11) auto_increment PRIMARY KEY, `name` varchar(255), `email` varchar(255), `password` varchar(255), `admin` tinyint(1), `created_at` datetime NOT NULL, `updated_at` datetime NOT NULL) ENGINE=InnoDB
  [1m[36m (0.2ms)[0m  [1mBEGIN[0m
  [1m[35mSQL (0.3ms)[0m  INSERT INTO `schema_migrations` (`version`) VALUES ('20150518112721')
  [1m[36m (66.8ms)[0m  [1mCOMMIT[0m
  [1m[35mActiveRecord::SchemaMigration Load (0.3ms)[0m  SELECT `schema_migrations`.* FROM `schema_migrations`
  [1m[36m (0.4ms)[0m  [1mSELECT fk.referenced_table_name as 'to_table'
      ,fk.referenced_column_name as 'primary_key'
      ,fk.column_name as 'column'
      ,fk.constraint_name as 'name'
FROM information_schema.key_column_usage fk
WHERE fk.referenced_column_name is not null
  AND fk.table_schema = 'tdd_exec_development'
  AND fk.table_name = 'users'
[0m
  [1m[35m (0.2ms)[0m  SHOW CREATE TABLE `users`


Started GET "/" for 127.0.0.1 at 2015-05-19 12:41:52 +0530
  [1m[36mActiveRecord::SchemaMigration Load (0.2ms)[0m  [1mSELECT `schema_migrations`.* FROM `schema_migrations`[0m
Processing by Rails::WelcomeController#index as HTML
  Rendered /home/sapana/.rvm/gems/ruby-2.0.0-p451@tdd_exec/gems/railties-4.2.1/lib/rails/templates/rails/welcome/index.html.erb (2.3ms)
Completed 200 OK in 57ms (Views: 9.5ms | ActiveRecord: 0.0ms)


Started GET "/users/" for 127.0.0.1 at 2015-05-19 12:42:08 +0530
Processing by UsersController#index as HTML
  Rendered users/index.html.erb within layouts/application (0.6ms)
Completed 200 OK in 2152ms (Views: 2148.1ms | ActiveRecord: 0.0ms)


Started GET "/assets/scaffolds.self-ae8f8bf1e539be2d667e0ef2f5b5b570d151d4507a098052ea78315100749a3e.css?body=1" for 127.0.0.1 at 2015-05-19 12:42:11 +0530


Started GET "/assets/application.self-e80e8f2318043e8af94dddc2adad5a4f09739a8ebb323b3ab31cd71d45fd9113.css?body=1" for 127.0.0.1 at 2015-05-19 12:42:11 +0530


Started GET "/assets/jquery.self-d03a5518f45df77341bdbe6201ba3bfa547ebba8ed64f0ea56bfa5f96ea7c074.js?body=1" for 127.0.0.1 at 2015-05-19 12:42:11 +0530


Started GET "/assets/users.self-e3b0c44298fc1c149afbf4c8996fb92427ae41e4649b934ca495991b7852b855.css?body=1" for 127.0.0.1 at 2015-05-19 12:42:11 +0530


Started GET "/assets/users.self-877aef30ae1b040ab8a3aba4e3e309a11d7f2612f44dde450b5c157aa5f95c05.js?body=1" for 127.0.0.1 at 2015-05-19 12:42:11 +0530


Started GET "/assets/application.self-3b8dabdc891efe46b9a144b400ad69e37d7e5876bdc39dee783419a69d7ca819.js?body=1" for 127.0.0.1 at 2015-05-19 12:42:11 +0530


Started GET "/assets/jquery_ujs.self-8e98a7a072a6cee1372d19fff9ff3e6aa1e39a37d89d6f06861637d061113ee7.js?body=1" for 127.0.0.1 at 2015-05-19 12:42:11 +0530


Started GET "/assets/turbolinks.self-c37727e9bd6b2735da5c311aa83fead54ed0be6cc8bd9a65309e9c5abe2cbfff.js?body=1" for 127.0.0.1 at 2015-05-19 12:42:11 +0530


Started GET "/users/new" for 127.0.0.1 at 2015-05-19 12:42:13 +0530
Processing by UsersController#new as HTML
Completed 500 Internal Server Error in 22ms (ActiveRecord: 1.5ms)

ActionView::MissingTemplate (Missing template users/new, application/new with {:locale=>[:en], :formats=>[:html], :variants=>[], :handlers=>[:erb, :builder, :raw, :ruby, :coffee, :jbuilder]}. Searched in:
  * "/var/www/myapps/tdd-practice/sapna/tdd_exec/app/views"
):
  actionview (4.2.1) lib/action_view/path_set.rb:46:in `find'
  actionview (4.2.1) lib/action_view/lookup_context.rb:121:in `find'
  actionview (4.2.1) lib/action_view/renderer/abstract_renderer.rb:18:in `find_template'
  actionview (4.2.1) lib/action_view/renderer/template_renderer.rb:40:in `determine_template'
  actionview (4.2.1) lib/action_view/renderer/template_renderer.rb:8:in `render'
  actionview (4.2.1) lib/action_view/renderer/renderer.rb:42:in `render_template'
  actionview (4.2.1) lib/action_view/renderer/renderer.rb:23:in `render'
  actionview (4.2.1) lib/action_view/rendering.rb:100:in `_render_template'
  actionpack (4.2.1) lib/action_controller/metal/streaming.rb:217:in `_render_template'
  actionview (4.2.1) lib/action_view/rendering.rb:83:in `render_to_body'
  actionpack (4.2.1) lib/action_controller/metal/rendering.rb:32:in `render_to_body'
  actionpack (4.2.1) lib/action_controller/metal/renderers.rb:37:in `render_to_body'
  actionpack (4.2.1) lib/abstract_controller/rendering.rb:25:in `render'
  actionpack (4.2.1) lib/action_controller/metal/rendering.rb:16:in `render'
  actionpack (4.2.1) lib/action_controller/metal/instrumentation.rb:44:in `block (2 levels) in render'
  activesupport (4.2.1) lib/active_support/core_ext/benchmark.rb:12:in `block in ms'
  /home/sapana/.rvm/rubies/ruby-2.0.0-p451/lib/ruby/2.0.0/benchmark.rb:296:in `realtime'
  activesupport (4.2.1) lib/active_support/core_ext/benchmark.rb:12:in `ms'
  actionpack (4.2.1) lib/action_controller/metal/instrumentation.rb:44:in `block in render'
  actionpack (4.2.1) lib/action_controller/metal/instrumentation.rb:87:in `cleanup_view_runtime'
  activerecord (4.2.1) lib/active_record/railties/controller_runtime.rb:25:in `cleanup_view_runtime'
  actionpack (4.2.1) lib/action_controller/metal/instrumentation.rb:43:in `render'
  actionpack (4.2.1) lib/action_controller/metal/implicit_render.rb:10:in `default_render'
  actionpack (4.2.1) lib/action_controller/metal/implicit_render.rb:5:in `send_action'
  actionpack (4.2.1) lib/abstract_controller/base.rb:198:in `process_action'
  actionpack (4.2.1) lib/action_controller/metal/rendering.rb:10:in `process_action'
  actionpack (4.2.1) lib/abstract_controller/callbacks.rb:20:in `block in process_action'
  activesupport (4.2.1) lib/active_support/callbacks.rb:117:in `call'
  activesupport (4.2.1) lib/active_support/callbacks.rb:117:in `call'
  activesupport (4.2.1) lib/active_support/callbacks.rb:555:in `block (2 levels) in compile'
  activesupport (4.2.1) lib/active_support/callbacks.rb:505:in `call'
  activesupport (4.2.1) lib/active_support/callbacks.rb:505:in `call'
  activesupport (4.2.1) lib/active_support/callbacks.rb:92:in `_run_callbacks'
  activesupport (4.2.1) lib/active_support/callbacks.rb:776:in `_run_process_action_callbacks'
  activesupport (4.2.1) lib/active_support/callbacks.rb:81:in `run_callbacks'
  actionpack (4.2.1) lib/abstract_controller/callbacks.rb:19:in `process_action'
  actionpack (4.2.1) lib/action_controller/metal/rescue.rb:29:in `process_action'
  actionpack (4.2.1) lib/action_controller/metal/instrumentation.rb:32:in `block in process_action'
  activesupport (4.2.1) lib/active_support/notifications.rb:164:in `block in instrument'
  activesupport (4.2.1) lib/active_support/notifications/instrumenter.rb:20:in `instrument'
  activesupport (4.2.1) lib/active_support/notifications.rb:164:in `instrument'
  actionpack (4.2.1) lib/action_controller/metal/instrumentation.rb:30:in `process_action'
  actionpack (4.2.1) lib/action_controller/metal/params_wrapper.rb:250:in `process_action'
  activerecord (4.2.1) lib/active_record/railties/controller_runtime.rb:18:in `process_action'
  actionpack (4.2.1) lib/abstract_controller/base.rb:137:in `process'
  actionview (4.2.1) lib/action_view/rendering.rb:30:in `process'
  actionpack (4.2.1) lib/action_controller/metal.rb:196:in `dispatch'
  actionpack (4.2.1) lib/action_controller/metal/rack_delegation.rb:13:in `dispatch'
  actionpack (4.2.1) lib/action_controller/metal.rb:237:in `block in action'
  actionpack (4.2.1) lib/action_dispatch/routing/route_set.rb:74:in `call'
  actionpack (4.2.1) lib/action_dispatch/routing/route_set.rb:74:in `dispatch'
  actionpack (4.2.1) lib/action_dispatch/routing/route_set.rb:43:in `serve'
  actionpack (4.2.1) lib/action_dispatch/journey/router.rb:43:in `block in serve'
  actionpack (4.2.1) lib/action_dispatch/journey/router.rb:30:in `each'
  actionpack (4.2.1) lib/action_dispatch/journey/router.rb:30:in `serve'
  actionpack (4.2.1) lib/action_dispatch/routing/route_set.rb:819:in `call'
  rack (1.6.1) lib/rack/etag.rb:24:in `call'
  rack (1.6.1) lib/rack/conditionalget.rb:25:in `call'
  rack (1.6.1) lib/rack/head.rb:13:in `call'
  actionpack (4.2.1) lib/action_dispatch/middleware/params_parser.rb:27:in `call'
  actionpack (4.2.1) lib/action_dispatch/middleware/flash.rb:260:in `call'
  rack (1.6.1) lib/rack/session/abstract/id.rb:225:in `context'
  rack (1.6.1) lib/rack/session/abstract/id.rb:220:in `call'
  actionpack (4.2.1) lib/action_dispatch/middleware/cookies.rb:560:in `call'
  activerecord (4.2.1) lib/active_record/query_cache.rb:36:in `call'
  activerecord (4.2.1) lib/active_record/connection_adapters/abstract/connection_pool.rb:649:in `call'
  activerecord (4.2.1) lib/active_record/migration.rb:378:in `call'
  actionpack (4.2.1) lib/action_dispatch/middleware/callbacks.rb:29:in `block in call'
  activesupport (4.2.1) lib/active_support/callbacks.rb:88:in `call'
  activesupport (4.2.1) lib/active_support/callbacks.rb:88:in `_run_callbacks'
  activesupport (4.2.1) lib/active_support/callbacks.rb:776:in `_run_call_callbacks'
  activesupport (4.2.1) lib/active_support/callbacks.rb:81:in `run_callbacks'
  actionpack (4.2.1) lib/action_dispatch/middleware/callbacks.rb:27:in `call'
  actionpack (4.2.1) lib/action_dispatch/middleware/reloader.rb:73:in `call'
  actionpack (4.2.1) lib/action_dispatch/middleware/remote_ip.rb:78:in `call'
  actionpack (4.2.1) lib/action_dispatch/middleware/debug_exceptions.rb:17:in `call'
  web-console (2.1.2) lib/web_console/middleware.rb:37:in `call'
  actionpack (4.2.1) lib/action_dispatch/middleware/show_exceptions.rb:30:in `call'
  railties (4.2.1) lib/rails/rack/logger.rb:38:in `call_app'
  railties (4.2.1) lib/rails/rack/logger.rb:20:in `block in call'
  activesupport (4.2.1) lib/active_support/tagged_logging.rb:68:in `block in tagged'
  activesupport (4.2.1) lib/active_support/tagged_logging.rb:26:in `tagged'
  activesupport (4.2.1) lib/active_support/tagged_logging.rb:68:in `tagged'
  railties (4.2.1) lib/rails/rack/logger.rb:20:in `call'
  actionpack (4.2.1) lib/action_dispatch/middleware/request_id.rb:21:in `call'
  rack (1.6.1) lib/rack/methodoverride.rb:22:in `call'
  rack (1.6.1) lib/rack/runtime.rb:18:in `call'
  activesupport (4.2.1) lib/active_support/cache/strategy/local_cache_middleware.rb:28:in `call'
  rack (1.6.1) lib/rack/lock.rb:17:in `call'
  actionpack (4.2.1) lib/action_dispatch/middleware/static.rb:113:in `call'
  rack (1.6.1) lib/rack/sendfile.rb:113:in `call'
  railties (4.2.1) lib/rails/engine.rb:518:in `call'
  railties (4.2.1) lib/rails/application.rb:164:in `call'
  rack (1.6.1) lib/rack/lock.rb:17:in `call'
  rack (1.6.1) lib/rack/content_length.rb:15:in `call'
  rack (1.6.1) lib/rack/handler/webrick.rb:89:in `service'
  /home/sapana/.rvm/rubies/ruby-2.0.0-p451/lib/ruby/2.0.0/webrick/httpserver.rb:138:in `service'
  /home/sapana/.rvm/rubies/ruby-2.0.0-p451/lib/ruby/2.0.0/webrick/httpserver.rb:94:in `run'
  /home/sapana/.rvm/rubies/ruby-2.0.0-p451/lib/ruby/2.0.0/webrick/server.rb:295:in `block in start_thread'


  Rendered /home/sapana/.rvm/gems/ruby-2.0.0-p451@tdd_exec/gems/actionpack-4.2.1/lib/action_dispatch/middleware/templates/rescues/_source.erb (11.0ms)
  Rendered /home/sapana/.rvm/gems/ruby-2.0.0-p451@tdd_exec/gems/actionpack-4.2.1/lib/action_dispatch/middleware/templates/rescues/_trace.html.erb (4.5ms)
  Rendered /home/sapana/.rvm/gems/ruby-2.0.0-p451@tdd_exec/gems/actionpack-4.2.1/lib/action_dispatch/middleware/templates/rescues/_request_and_response.html.erb (1.5ms)
  Rendered /home/sapana/.rvm/gems/ruby-2.0.0-p451@tdd_exec/gems/actionpack-4.2.1/lib/action_dispatch/middleware/templates/rescues/missing_template.html.erb within rescues/layout (37.1ms)
  Rendered /home/sapana/.rvm/gems/ruby-2.0.0-p451@tdd_exec/gems/web-console-2.1.2/lib/web_console/templates/_markup.html.erb (0.7ms)
  Rendered /home/sapana/.rvm/gems/ruby-2.0.0-p451@tdd_exec/gems/web-console-2.1.2/lib/web_console/templates/style.css.erb within layouts/inlined_string (0.5ms)
  Rendered /home/sapana/.rvm/gems/ruby-2.0.0-p451@tdd_exec/gems/web-console-2.1.2/lib/web_console/templates/_inner_console_markup.html.erb within layouts/inlined_string (0.5ms)
  Rendered /home/sapana/.rvm/gems/ruby-2.0.0-p451@tdd_exec/gems/web-console-2.1.2/lib/web_console/templates/_prompt_box_markup.html.erb within layouts/inlined_string (0.5ms)
  Rendered /home/sapana/.rvm/gems/ruby-2.0.0-p451@tdd_exec/gems/web-console-2.1.2/lib/web_console/templates/console.js.erb within layouts/javascript (25.1ms)
  Rendered /home/sapana/.rvm/gems/ruby-2.0.0-p451@tdd_exec/gems/web-console-2.1.2/lib/web_console/templates/main.js.erb within layouts/javascript (0.6ms)
  Rendered /home/sapana/.rvm/gems/ruby-2.0.0-p451@tdd_exec/gems/web-console-2.1.2/lib/web_console/templates/error_page.js.erb within layouts/javascript (0.8ms)
  Rendered /home/sapana/.rvm/gems/ruby-2.0.0-p451@tdd_exec/gems/web-console-2.1.2/lib/web_console/templates/index.html.erb (57.2ms)


Started GET "/users/new" for 127.0.0.1 at 2015-05-19 12:43:35 +0530
Processing by UsersController#new as HTML
  Rendered users/new.html.erb within layouts/application (0.5ms)
Completed 200 OK in 139ms (Views: 138.0ms | ActiveRecord: 0.0ms)


Started GET "/assets/scaffolds.self-ae8f8bf1e539be2d667e0ef2f5b5b570d151d4507a098052ea78315100749a3e.css?body=1" for 127.0.0.1 at 2015-05-19 12:43:35 +0530


Started GET "/assets/users.self-e3b0c44298fc1c149afbf4c8996fb92427ae41e4649b934ca495991b7852b855.css?body=1" for 127.0.0.1 at 2015-05-19 12:43:35 +0530


Started GET "/assets/application.self-e80e8f2318043e8af94dddc2adad5a4f09739a8ebb323b3ab31cd71d45fd9113.css?body=1" for 127.0.0.1 at 2015-05-19 12:43:35 +0530


Started GET "/assets/turbolinks.self-c37727e9bd6b2735da5c311aa83fead54ed0be6cc8bd9a65309e9c5abe2cbfff.js?body=1" for 127.0.0.1 at 2015-05-19 12:43:35 +0530


Started GET "/assets/jquery.self-d03a5518f45df77341bdbe6201ba3bfa547ebba8ed64f0ea56bfa5f96ea7c074.js?body=1" for 127.0.0.1 at 2015-05-19 12:43:35 +0530


Started GET "/assets/application.self-3b8dabdc891efe46b9a144b400ad69e37d7e5876bdc39dee783419a69d7ca819.js?body=1" for 127.0.0.1 at 2015-05-19 12:43:35 +0530


Started GET "/assets/users.self-877aef30ae1b040ab8a3aba4e3e309a11d7f2612f44dde450b5c157aa5f95c05.js?body=1" for 127.0.0.1 at 2015-05-19 12:43:35 +0530


Started GET "/assets/jquery_ujs.self-8e98a7a072a6cee1372d19fff9ff3e6aa1e39a37d89d6f06861637d061113ee7.js?body=1" for 127.0.0.1 at 2015-05-19 12:43:35 +0530


Started GET "/users/new" for 127.0.0.1 at 2015-05-19 12:43:57 +0530
Processing by UsersController#new as HTML
  Rendered users/_user_form.html.erb (21.7ms)
  Rendered users/new.html.erb within layouts/application (23.6ms)
Completed 500 Internal Server Error in 28ms (ActiveRecord: 0.0ms)

ActionView::Template::Error (undefined method `bootstrap_form_for' for #<#<Class:0xa41d520>:0xb4aa8868>):
    1: <%= bootstrap_form_for @user, layout: :horizontal do |f| %>
    2:   <table class="col-xs-12">
    3:     <tr>
    4:       <td>
  app/views/users/_user_form.html.erb:1:in `_app_views_users__user_form_html_erb__862035699__631829888'
  app/views/users/new.html.erb:2:in `_app_views_users_new_html_erb___268101999__631824438'


  Rendered /home/sapana/.rvm/gems/ruby-2.0.0-p451@tdd_exec/gems/actionpack-4.2.1/lib/action_dispatch/middleware/templates/rescues/_source.erb (13.2ms)
  Rendered /home/sapana/.rvm/gems/ruby-2.0.0-p451@tdd_exec/gems/actionpack-4.2.1/lib/action_dispatch/middleware/templates/rescues/_trace.html.erb (5.1ms)
  Rendered /home/sapana/.rvm/gems/ruby-2.0.0-p451@tdd_exec/gems/actionpack-4.2.1/lib/action_dispatch/middleware/templates/rescues/_request_and_response.html.erb (1.4ms)
  Rendered /home/sapana/.rvm/gems/ruby-2.0.0-p451@tdd_exec/gems/actionpack-4.2.1/lib/action_dispatch/middleware/templates/rescues/template_error.html.erb within rescues/layout (40.0ms)
  Rendered /home/sapana/.rvm/gems/ruby-2.0.0-p451@tdd_exec/gems/web-console-2.1.2/lib/web_console/templates/_markup.html.erb (0.6ms)
  Rendered /home/sapana/.rvm/gems/ruby-2.0.0-p451@tdd_exec/gems/web-console-2.1.2/lib/web_console/templates/style.css.erb within layouts/inlined_string (0.5ms)
  Rendered /home/sapana/.rvm/gems/ruby-2.0.0-p451@tdd_exec/gems/web-console-2.1.2/lib/web_console/templates/_inner_console_markup.html.erb within layouts/inlined_string (0.4ms)
  Rendered /home/sapana/.rvm/gems/ruby-2.0.0-p451@tdd_exec/gems/web-console-2.1.2/lib/web_console/templates/_prompt_box_markup.html.erb within layouts/inlined_string (0.5ms)
  Rendered /home/sapana/.rvm/gems/ruby-2.0.0-p451@tdd_exec/gems/web-console-2.1.2/lib/web_console/templates/console.js.erb within layouts/javascript (24.1ms)
  Rendered /home/sapana/.rvm/gems/ruby-2.0.0-p451@tdd_exec/gems/web-console-2.1.2/lib/web_console/templates/main.js.erb within layouts/javascript (2.7ms)
  Rendered /home/sapana/.rvm/gems/ruby-2.0.0-p451@tdd_exec/gems/web-console-2.1.2/lib/web_console/templates/error_page.js.erb within layouts/javascript (0.7ms)
  Rendered /home/sapana/.rvm/gems/ruby-2.0.0-p451@tdd_exec/gems/web-console-2.1.2/lib/web_console/templates/index.html.erb (138.6ms)


Started GET "/users/new" for 127.0.0.1 at 2015-05-19 12:50:52 +0530
  [1m[36mActiveRecord::SchemaMigration Load (0.1ms)[0m  [1mSELECT `schema_migrations`.* FROM `schema_migrations`[0m
Processing by UsersController#new as HTML
  Rendered users/_user_form.html.erb (106.1ms)
  Rendered users/new.html.erb within layouts/application (111.8ms)
Completed 200 OK in 964ms (Views: 922.3ms | ActiveRecord: 1.3ms)


Started GET "/assets/scaffolds.self-ae8f8bf1e539be2d667e0ef2f5b5b570d151d4507a098052ea78315100749a3e.css?body=1" for 127.0.0.1 at 2015-05-19 12:50:53 +0530


Started GET "/assets/users.self-e3b0c44298fc1c149afbf4c8996fb92427ae41e4649b934ca495991b7852b855.css?body=1" for 127.0.0.1 at 2015-05-19 12:50:53 +0530


Started GET "/assets/jquery.self-d03a5518f45df77341bdbe6201ba3bfa547ebba8ed64f0ea56bfa5f96ea7c074.js?body=1" for 127.0.0.1 at 2015-05-19 12:50:53 +0530


Started GET "/assets/turbolinks.self-c37727e9bd6b2735da5c311aa83fead54ed0be6cc8bd9a65309e9c5abe2cbfff.js?body=1" for 127.0.0.1 at 2015-05-19 12:50:53 +0530


Started GET "/assets/jquery_ujs.self-8e98a7a072a6cee1372d19fff9ff3e6aa1e39a37d89d6f06861637d061113ee7.js?body=1" for 127.0.0.1 at 2015-05-19 12:50:53 +0530


Started GET "/assets/users.self-877aef30ae1b040ab8a3aba4e3e309a11d7f2612f44dde450b5c157aa5f95c05.js?body=1" for 127.0.0.1 at 2015-05-19 12:50:53 +0530


Started GET "/assets/application.self-e80e8f2318043e8af94dddc2adad5a4f09739a8ebb323b3ab31cd71d45fd9113.css?body=1" for 127.0.0.1 at 2015-05-19 12:50:53 +0530


Started GET "/assets/application.self-3b8dabdc891efe46b9a144b400ad69e37d7e5876bdc39dee783419a69d7ca819.js?body=1" for 127.0.0.1 at 2015-05-19 12:50:53 +0530


Started GET "/users/new" for 127.0.0.1 at 2015-05-19 12:51:32 +0530
Processing by UsersController#new as HTML
  Rendered users/_user_form.html.erb (5.0ms)
  Rendered users/new.html.erb within layouts/application (6.5ms)
Completed 200 OK in 53ms (Views: 51.4ms | ActiveRecord: 0.0ms)


Started GET "/assets/scaffolds.self-ae8f8bf1e539be2d667e0ef2f5b5b570d151d4507a098052ea78315100749a3e.css?body=1" for 127.0.0.1 at 2015-05-19 12:51:32 +0530


Started GET "/assets/users.self-e3b0c44298fc1c149afbf4c8996fb92427ae41e4649b934ca495991b7852b855.css?body=1" for 127.0.0.1 at 2015-05-19 12:51:32 +0530


Started GET "/assets/application.self-e80e8f2318043e8af94dddc2adad5a4f09739a8ebb323b3ab31cd71d45fd9113.css?body=1" for 127.0.0.1 at 2015-05-19 12:51:32 +0530


Started GET "/assets/jquery.self-d03a5518f45df77341bdbe6201ba3bfa547ebba8ed64f0ea56bfa5f96ea7c074.js?body=1" for 127.0.0.1 at 2015-05-19 12:51:32 +0530


Started GET "/assets/jquery_ujs.self-8e98a7a072a6cee1372d19fff9ff3e6aa1e39a37d89d6f06861637d061113ee7.js?body=1" for 127.0.0.1 at 2015-05-19 12:51:32 +0530


Started GET "/assets/application.self-3b8dabdc891efe46b9a144b400ad69e37d7e5876bdc39dee783419a69d7ca819.js?body=1" for 127.0.0.1 at 2015-05-19 12:51:32 +0530


Started GET "/assets/turbolinks.self-c37727e9bd6b2735da5c311aa83fead54ed0be6cc8bd9a65309e9c5abe2cbfff.js?body=1" for 127.0.0.1 at 2015-05-19 12:51:32 +0530


Started GET "/assets/users.self-877aef30ae1b040ab8a3aba4e3e309a11d7f2612f44dde450b5c157aa5f95c05.js?body=1" for 127.0.0.1 at 2015-05-19 12:51:32 +0530


Started POST "/users" for 127.0.0.1 at 2015-05-19 12:56:25 +0530
Processing by UsersController#create as HTML
  Parameters: {"utf8"=>"✓", "authenticity_token"=>"FCAezYFOBLL60/0b8A3PdNyED2h00SZOvd79l0cDsw2UbKAXcNPRQP8UPIcVPlfLHO+cWRRTEzAsyr9ZGNibLA==", "user"=>{"name"=>"John Bravo", "email"=>"John@gmail.com", "password"=>"[FILTERED]"}, "button"=>""}
Completed 500 Internal Server Error in 8ms (ActiveRecord: 0.0ms)

NameError (undefined local variable or method `users_params' for #<UsersController:0xb2e2eac>):
  app/controllers/users_controller.rb:11:in `create'


  Rendered /home/sapana/.rvm/gems/ruby-2.0.0-p451@tdd_exec/gems/actionpack-4.2.1/lib/action_dispatch/middleware/templates/rescues/_source.erb (86.8ms)
  Rendered /home/sapana/.rvm/gems/ruby-2.0.0-p451@tdd_exec/gems/actionpack-4.2.1/lib/action_dispatch/middleware/templates/rescues/_trace.html.erb (3.9ms)
  Rendered /home/sapana/.rvm/gems/ruby-2.0.0-p451@tdd_exec/gems/actionpack-4.2.1/lib/action_dispatch/middleware/templates/rescues/_request_and_response.html.erb (1.6ms)
  Rendered /home/sapana/.rvm/gems/ruby-2.0.0-p451@tdd_exec/gems/actionpack-4.2.1/lib/action_dispatch/middleware/templates/rescues/diagnostics.html.erb within rescues/layout (118.0ms)
  Rendered /home/sapana/.rvm/gems/ruby-2.0.0-p451@tdd_exec/gems/web-console-2.1.2/lib/web_console/templates/_markup.html.erb (0.6ms)
  Rendered /home/sapana/.rvm/gems/ruby-2.0.0-p451@tdd_exec/gems/web-console-2.1.2/lib/web_console/templates/style.css.erb within layouts/inlined_string (0.5ms)
  Rendered /home/sapana/.rvm/gems/ruby-2.0.0-p451@tdd_exec/gems/web-console-2.1.2/lib/web_console/templates/_inner_console_markup.html.erb within layouts/inlined_string (0.5ms)
  Rendered /home/sapana/.rvm/gems/ruby-2.0.0-p451@tdd_exec/gems/web-console-2.1.2/lib/web_console/templates/_prompt_box_markup.html.erb within layouts/inlined_string (0.5ms)
  Rendered /home/sapana/.rvm/gems/ruby-2.0.0-p451@tdd_exec/gems/web-console-2.1.2/lib/web_console/templates/console.js.erb within layouts/javascript (24.1ms)
  Rendered /home/sapana/.rvm/gems/ruby-2.0.0-p451@tdd_exec/gems/web-console-2.1.2/lib/web_console/templates/main.js.erb within layouts/javascript (0.6ms)
  Rendered /home/sapana/.rvm/gems/ruby-2.0.0-p451@tdd_exec/gems/web-console-2.1.2/lib/web_console/templates/error_page.js.erb within layouts/javascript (0.7ms)
  Rendered /home/sapana/.rvm/gems/ruby-2.0.0-p451@tdd_exec/gems/web-console-2.1.2/lib/web_console/templates/index.html.erb (51.5ms)


Started POST "/users" for 127.0.0.1 at 2015-05-19 12:56:55 +0530
Processing by UsersController#create as HTML
  Parameters: {"utf8"=>"✓", "authenticity_token"=>"FCAezYFOBLL60/0b8A3PdNyED2h00SZOvd79l0cDsw2UbKAXcNPRQP8UPIcVPlfLHO+cWRRTEzAsyr9ZGNibLA==", "user"=>{"name"=>"John Bravo", "email"=>"John@gmail.com", "password"=>"[FILTERED]"}, "button"=>""}
  [1m[35m (0.2ms)[0m  BEGIN
  [1m[36mUser Exists (0.5ms)[0m  [1mSELECT  1 AS one FROM `users` WHERE `users`.`email` = 'John@gmail.com' LIMIT 1[0m
  [1m[35mSQL (0.6ms)[0m  INSERT INTO `users` (`name`, `email`, `password`, `created_at`, `updated_at`) VALUES ('John Bravo', 'John@gmail.com', 'hojn123', '2015-05-19 07:26:55', '2015-05-19 07:26:55')
  [1m[36m (93.8ms)[0m  [1mCOMMIT[0m
Redirected to 
Completed 500 Internal Server Error in 145ms (ActiveRecord: 96.8ms)

ActionController::ActionControllerError (Cannot redirect to nil!):
  app/controllers/users_controller.rb:13:in `create'


  Rendered /home/sapana/.rvm/gems/ruby-2.0.0-p451@tdd_exec/gems/actionpack-4.2.1/lib/action_dispatch/middleware/templates/rescues/_source.erb (9.8ms)
  Rendered /home/sapana/.rvm/gems/ruby-2.0.0-p451@tdd_exec/gems/actionpack-4.2.1/lib/action_dispatch/middleware/templates/rescues/_trace.html.erb (4.0ms)
  Rendered /home/sapana/.rvm/gems/ruby-2.0.0-p451@tdd_exec/gems/actionpack-4.2.1/lib/action_dispatch/middleware/templates/rescues/_request_and_response.html.erb (1.8ms)
  Rendered /home/sapana/.rvm/gems/ruby-2.0.0-p451@tdd_exec/gems/actionpack-4.2.1/lib/action_dispatch/middleware/templates/rescues/diagnostics.html.erb within rescues/layout (35.5ms)
  Rendered /home/sapana/.rvm/gems/ruby-2.0.0-p451@tdd_exec/gems/web-console-2.1.2/lib/web_console/templates/_markup.html.erb (0.7ms)
  Rendered /home/sapana/.rvm/gems/ruby-2.0.0-p451@tdd_exec/gems/web-console-2.1.2/lib/web_console/templates/style.css.erb within layouts/inlined_string (0.6ms)
  Rendered /home/sapana/.rvm/gems/ruby-2.0.0-p451@tdd_exec/gems/web-console-2.1.2/lib/web_console/templates/_inner_console_markup.html.erb within layouts/inlined_string (0.5ms)
  Rendered /home/sapana/.rvm/gems/ruby-2.0.0-p451@tdd_exec/gems/web-console-2.1.2/lib/web_console/templates/_prompt_box_markup.html.erb within layouts/inlined_string (0.6ms)
  Rendered /home/sapana/.rvm/gems/ruby-2.0.0-p451@tdd_exec/gems/web-console-2.1.2/lib/web_console/templates/console.js.erb within layouts/javascript (24.7ms)
  Rendered /home/sapana/.rvm/gems/ruby-2.0.0-p451@tdd_exec/gems/web-console-2.1.2/lib/web_console/templates/main.js.erb within layouts/javascript (0.6ms)
  Rendered /home/sapana/.rvm/gems/ruby-2.0.0-p451@tdd_exec/gems/web-console-2.1.2/lib/web_console/templates/error_page.js.erb within layouts/javascript (0.6ms)
  Rendered /home/sapana/.rvm/gems/ruby-2.0.0-p451@tdd_exec/gems/web-console-2.1.2/lib/web_console/templates/index.html.erb (52.6ms)


Started POST "/users" for 127.0.0.1 at 2015-05-19 12:57:13 +0530
Processing by UsersController#create as HTML
  Parameters: {"utf8"=>"✓", "authenticity_token"=>"FCAezYFOBLL60/0b8A3PdNyED2h00SZOvd79l0cDsw2UbKAXcNPRQP8UPIcVPlfLHO+cWRRTEzAsyr9ZGNibLA==", "user"=>{"name"=>"John Bravo", "email"=>"John@gmail.com", "password"=>"[FILTERED]"}, "button"=>""}
  [1m[35m (0.2ms)[0m  BEGIN
  [1m[36mUser Exists (0.4ms)[0m  [1mSELECT  1 AS one FROM `users` WHERE `users`.`email` = 'John@gmail.com' LIMIT 1[0m
  [1m[35m (0.2ms)[0m  ROLLBACK
  Rendered users/_user_form.html.erb (2.5ms)
  Rendered users/new.html.erb within layouts/application (3.7ms)
Completed 500 Internal Server Error in 31ms (ActiveRecord: 2.2ms)

ActionView::Template::Error (First argument in form cannot contain nil or be empty):
    1: <%= bootstrap_form_for @user, layout: :horizontal do |f| %>
    2:   <table class="col-xs-12">
    3:     <tr>
    4:       <td>
  app/views/users/_user_form.html.erb:1:in `_app_views_users__user_form_html_erb__976050546__631692548'
  app/views/users/new.html.erb:2:in `_app_views_users_new_html_erb__415845766_94830490'
  app/controllers/users_controller.rb:15:in `create'


  Rendered /home/sapana/.rvm/gems/ruby-2.0.0-p451@tdd_exec/gems/actionpack-4.2.1/lib/action_dispatch/middleware/templates/rescues/_source.erb (14.1ms)
  Rendered /home/sapana/.rvm/gems/ruby-2.0.0-p451@tdd_exec/gems/actionpack-4.2.1/lib/action_dispatch/middleware/templates/rescues/_trace.html.erb (5.1ms)
  Rendered /home/sapana/.rvm/gems/ruby-2.0.0-p451@tdd_exec/gems/actionpack-4.2.1/lib/action_dispatch/middleware/templates/rescues/_request_and_response.html.erb (1.6ms)
  Rendered /home/sapana/.rvm/gems/ruby-2.0.0-p451@tdd_exec/gems/actionpack-4.2.1/lib/action_dispatch/middleware/templates/rescues/template_error.html.erb within rescues/layout (40.4ms)
  Rendered /home/sapana/.rvm/gems/ruby-2.0.0-p451@tdd_exec/gems/web-console-2.1.2/lib/web_console/templates/_markup.html.erb (0.6ms)
  Rendered /home/sapana/.rvm/gems/ruby-2.0.0-p451@tdd_exec/gems/web-console-2.1.2/lib/web_console/templates/style.css.erb within layouts/inlined_string (0.5ms)
  Rendered /home/sapana/.rvm/gems/ruby-2.0.0-p451@tdd_exec/gems/web-console-2.1.2/lib/web_console/templates/_inner_console_markup.html.erb within layouts/inlined_string (0.5ms)
  Rendered /home/sapana/.rvm/gems/ruby-2.0.0-p451@tdd_exec/gems/web-console-2.1.2/lib/web_console/templates/_prompt_box_markup.html.erb within layouts/inlined_string (0.5ms)
  Rendered /home/sapana/.rvm/gems/ruby-2.0.0-p451@tdd_exec/gems/web-console-2.1.2/lib/web_console/templates/console.js.erb within layouts/javascript (24.5ms)
  Rendered /home/sapana/.rvm/gems/ruby-2.0.0-p451@tdd_exec/gems/web-console-2.1.2/lib/web_console/templates/main.js.erb within layouts/javascript (0.5ms)
  Rendered /home/sapana/.rvm/gems/ruby-2.0.0-p451@tdd_exec/gems/web-console-2.1.2/lib/web_console/templates/error_page.js.erb within layouts/javascript (0.8ms)
  Rendered /home/sapana/.rvm/gems/ruby-2.0.0-p451@tdd_exec/gems/web-console-2.1.2/lib/web_console/templates/index.html.erb (138.8ms)


Started POST "/users" for 127.0.0.1 at 2015-05-19 12:58:02 +0530
Processing by UsersController#create as HTML
  Parameters: {"utf8"=>"✓", "authenticity_token"=>"FCAezYFOBLL60/0b8A3PdNyED2h00SZOvd79l0cDsw2UbKAXcNPRQP8UPIcVPlfLHO+cWRRTEzAsyr9ZGNibLA==", "user"=>{"name"=>"John Bravo", "email"=>"John@gmail.com", "password"=>"[FILTERED]"}, "button"=>""}
  [1m[36m (0.2ms)[0m  [1mBEGIN[0m
  [1m[35mUser Exists (0.2ms)[0m  SELECT  1 AS one FROM `users` WHERE `users`.`email` = 'John@gmail.com' LIMIT 1
  [1m[36m (0.3ms)[0m  [1mROLLBACK[0m
  Rendered users/_user_form.html.erb (5.9ms)
  Rendered users/new.html.erb within layouts/application (7.0ms)
Completed 200 OK in 84ms (Views: 56.5ms | ActiveRecord: 2.6ms)


Started GET "/assets/scaffolds.self-ae8f8bf1e539be2d667e0ef2f5b5b570d151d4507a098052ea78315100749a3e.css?body=1" for 127.0.0.1 at 2015-05-19 12:58:03 +0530


Started GET "/assets/users.self-e3b0c44298fc1c149afbf4c8996fb92427ae41e4649b934ca495991b7852b855.css?body=1" for 127.0.0.1 at 2015-05-19 12:58:03 +0530


Started GET "/assets/application.self-e80e8f2318043e8af94dddc2adad5a4f09739a8ebb323b3ab31cd71d45fd9113.css?body=1" for 127.0.0.1 at 2015-05-19 12:58:03 +0530


Started GET "/assets/turbolinks.self-c37727e9bd6b2735da5c311aa83fead54ed0be6cc8bd9a65309e9c5abe2cbfff.js?body=1" for 127.0.0.1 at 2015-05-19 12:58:03 +0530


Started GET "/assets/users.self-877aef30ae1b040ab8a3aba4e3e309a11d7f2612f44dde450b5c157aa5f95c05.js?body=1" for 127.0.0.1 at 2015-05-19 12:58:03 +0530


Started GET "/assets/jquery.self-d03a5518f45df77341bdbe6201ba3bfa547ebba8ed64f0ea56bfa5f96ea7c074.js?body=1" for 127.0.0.1 at 2015-05-19 12:58:03 +0530


Started GET "/assets/application.self-3b8dabdc891efe46b9a144b400ad69e37d7e5876bdc39dee783419a69d7ca819.js?body=1" for 127.0.0.1 at 2015-05-19 12:58:03 +0530


Started GET "/assets/jquery_ujs.self-8e98a7a072a6cee1372d19fff9ff3e6aa1e39a37d89d6f06861637d061113ee7.js?body=1" for 127.0.0.1 at 2015-05-19 12:58:03 +0530


Started POST "/users" for 127.0.0.1 at 2015-05-19 12:58:05 +0530
Processing by UsersController#create as HTML
  Parameters: {"utf8"=>"✓", "authenticity_token"=>"4uDwifE5BMUOJ2pnUHJhSux5llj8VInqPvZQ9QqGc1lirE5TAKTRNwvgq/u1Qfn1LBIFaZzWvJSv4hI7VV1beA==", "user"=>{"name"=>"John Bravo", "email"=>"John@gmail.com", "password"=>"[FILTERED]"}, "button"=>""}
  [1m[35m (0.6ms)[0m  BEGIN
  [1m[36mUser Exists (0.3ms)[0m  [1mSELECT  1 AS one FROM `users` WHERE `users`.`email` = 'John@gmail.com' LIMIT 1[0m
  [1m[35m (0.2ms)[0m  ROLLBACK
  Rendered users/_user_form.html.erb (4.1ms)
  Rendered users/new.html.erb within layouts/application (6.5ms)
Completed 200 OK in 59ms (Views: 52.3ms | ActiveRecord: 1.1ms)


Started POST "/users" for 127.0.0.1 at 2015-05-19 12:58:09 +0530
Processing by UsersController#create as HTML
  Parameters: {"utf8"=>"✓", "authenticity_token"=>"3kZl7X2lPpk8BBfJ1IJpW2PJCsm0M9N+Mf6QBhmfbVJeCts3jDjraznD1lUxsfHko6KZ+NSx5gCg6tLIRkRFcw==", "user"=>{"name"=>"John Bravo", "email"=>"John@gmail.com", "password"=>"[FILTERED]"}, "button"=>""}
  [1m[36m (0.4ms)[0m  [1mBEGIN[0m
  [1m[35mUser Exists (0.2ms)[0m  SELECT  1 AS one FROM `users` WHERE `users`.`email` = 'John@gmail.com' LIMIT 1
  [1m[36m (0.2ms)[0m  [1mROLLBACK[0m
  Rendered users/_user_form.html.erb (4.3ms)
  Rendered users/new.html.erb within layouts/application (5.4ms)
Completed 200 OK in 138ms (Views: 131.9ms | ActiveRecord: 0.7ms)


Started POST "/users" for 127.0.0.1 at 2015-05-19 12:58:22 +0530
Processing by UsersController#create as HTML
  Parameters: {"utf8"=>"✓", "authenticity_token"=>"A5IB+DE7AdspeKs1SRw27IN9tdQ2lH22sWt/fKL7Pa6D3r8iwKbUKSy/aqmsL65TQxYm5VYWSMggfz2y/SAVjw==", "user"=>{"name"=>"John Jenny", "email"=>"John123@gmail.com", "password"=>"[FILTERED]"}, "button"=>""}
  [1m[35m (0.3ms)[0m  BEGIN
  [1m[36mUser Exists (0.5ms)[0m  [1mSELECT  1 AS one FROM `users` WHERE `users`.`email` = 'John123@gmail.com' LIMIT 1[0m
  [1m[35mSQL (0.6ms)[0m  INSERT INTO `users` (`name`, `email`, `password`, `created_at`, `updated_at`) VALUES ('John Jenny', 'John123@gmail.com', 'hojn123', '2015-05-19 07:28:22', '2015-05-19 07:28:22')
  [1m[36m (39.4ms)[0m  [1mCOMMIT[0m
Redirected to http://localhost:3000/users/2
Completed 302 Found in 49ms (ActiveRecord: 40.8ms)


Started GET "/users/2" for 127.0.0.1 at 2015-05-19 12:58:22 +0530

AbstractController::ActionNotFound (The action 'show' could not be found for UsersController):
  actionpack (4.2.1) lib/abstract_controller/base.rb:132:in `process'
  actionview (4.2.1) lib/action_view/rendering.rb:30:in `process'
  actionpack (4.2.1) lib/action_controller/metal.rb:196:in `dispatch'
  actionpack (4.2.1) lib/action_controller/metal/rack_delegation.rb:13:in `dispatch'
  actionpack (4.2.1) lib/action_controller/metal.rb:237:in `block in action'
  actionpack (4.2.1) lib/action_dispatch/routing/route_set.rb:74:in `call'
  actionpack (4.2.1) lib/action_dispatch/routing/route_set.rb:74:in `dispatch'
  actionpack (4.2.1) lib/action_dispatch/routing/route_set.rb:43:in `serve'
  actionpack (4.2.1) lib/action_dispatch/journey/router.rb:43:in `block in serve'
  actionpack (4.2.1) lib/action_dispatch/journey/router.rb:30:in `each'
  actionpack (4.2.1) lib/action_dispatch/journey/router.rb:30:in `serve'
  actionpack (4.2.1) lib/action_dispatch/routing/route_set.rb:819:in `call'
  rack (1.6.1) lib/rack/etag.rb:24:in `call'
  rack (1.6.1) lib/rack/conditionalget.rb:25:in `call'
  rack (1.6.1) lib/rack/head.rb:13:in `call'
  actionpack (4.2.1) lib/action_dispatch/middleware/params_parser.rb:27:in `call'
  actionpack (4.2.1) lib/action_dispatch/middleware/flash.rb:260:in `call'
  rack (1.6.1) lib/rack/session/abstract/id.rb:225:in `context'
  rack (1.6.1) lib/rack/session/abstract/id.rb:220:in `call'
  actionpack (4.2.1) lib/action_dispatch/middleware/cookies.rb:560:in `call'
  activerecord (4.2.1) lib/active_record/query_cache.rb:36:in `call'
  activerecord (4.2.1) lib/active_record/connection_adapters/abstract/connection_pool.rb:649:in `call'
  activerecord (4.2.1) lib/active_record/migration.rb:378:in `call'
  actionpack (4.2.1) lib/action_dispatch/middleware/callbacks.rb:29:in `block in call'
  activesupport (4.2.1) lib/active_support/callbacks.rb:88:in `call'
  activesupport (4.2.1) lib/active_support/callbacks.rb:88:in `_run_callbacks'
  activesupport (4.2.1) lib/active_support/callbacks.rb:776:in `_run_call_callbacks'
  activesupport (4.2.1) lib/active_support/callbacks.rb:81:in `run_callbacks'
  actionpack (4.2.1) lib/action_dispatch/middleware/callbacks.rb:27:in `call'
  actionpack (4.2.1) lib/action_dispatch/middleware/reloader.rb:73:in `call'
  actionpack (4.2.1) lib/action_dispatch/middleware/remote_ip.rb:78:in `call'
  actionpack (4.2.1) lib/action_dispatch/middleware/debug_exceptions.rb:17:in `call'
  web-console (2.1.2) lib/web_console/middleware.rb:37:in `call'
  actionpack (4.2.1) lib/action_dispatch/middleware/show_exceptions.rb:30:in `call'
  railties (4.2.1) lib/rails/rack/logger.rb:38:in `call_app'
  railties (4.2.1) lib/rails/rack/logger.rb:20:in `block in call'
  activesupport (4.2.1) lib/active_support/tagged_logging.rb:68:in `block in tagged'
  activesupport (4.2.1) lib/active_support/tagged_logging.rb:26:in `tagged'
  activesupport (4.2.1) lib/active_support/tagged_logging.rb:68:in `tagged'
  railties (4.2.1) lib/rails/rack/logger.rb:20:in `call'
  actionpack (4.2.1) lib/action_dispatch/middleware/request_id.rb:21:in `call'
  rack (1.6.1) lib/rack/methodoverride.rb:22:in `call'
  rack (1.6.1) lib/rack/runtime.rb:18:in `call'
  activesupport (4.2.1) lib/active_support/cache/strategy/local_cache_middleware.rb:28:in `call'
  rack (1.6.1) lib/rack/lock.rb:17:in `call'
  actionpack (4.2.1) lib/action_dispatch/middleware/static.rb:113:in `call'
  rack (1.6.1) lib/rack/sendfile.rb:113:in `call'
  railties (4.2.1) lib/rails/engine.rb:518:in `call'
  railties (4.2.1) lib/rails/application.rb:164:in `call'
  rack (1.6.1) lib/rack/lock.rb:17:in `call'
  rack (1.6.1) lib/rack/content_length.rb:15:in `call'
  rack (1.6.1) lib/rack/handler/webrick.rb:89:in `service'
  /home/sapana/.rvm/rubies/ruby-2.0.0-p451/lib/ruby/2.0.0/webrick/httpserver.rb:138:in `service'
  /home/sapana/.rvm/rubies/ruby-2.0.0-p451/lib/ruby/2.0.0/webrick/httpserver.rb:94:in `run'
  /home/sapana/.rvm/rubies/ruby-2.0.0-p451/lib/ruby/2.0.0/webrick/server.rb:295:in `block in start_thread'


  Rendered /home/sapana/.rvm/gems/ruby-2.0.0-p451@tdd_exec/gems/actionpack-4.2.1/lib/action_dispatch/middleware/templates/rescues/unknown_action.html.erb within rescues/layout (0.6ms)
  Rendered /home/sapana/.rvm/gems/ruby-2.0.0-p451@tdd_exec/gems/web-console-2.1.2/lib/web_console/templates/_markup.html.erb (0.7ms)
  Rendered /home/sapana/.rvm/gems/ruby-2.0.0-p451@tdd_exec/gems/web-console-2.1.2/lib/web_console/templates/style.css.erb within layouts/inlined_string (0.6ms)
  Rendered /home/sapana/.rvm/gems/ruby-2.0.0-p451@tdd_exec/gems/web-console-2.1.2/lib/web_console/templates/_inner_console_markup.html.erb within layouts/inlined_string (0.5ms)
  Rendered /home/sapana/.rvm/gems/ruby-2.0.0-p451@tdd_exec/gems/web-console-2.1.2/lib/web_console/templates/_prompt_box_markup.html.erb within layouts/inlined_string (0.6ms)
  Rendered /home/sapana/.rvm/gems/ruby-2.0.0-p451@tdd_exec/gems/web-console-2.1.2/lib/web_console/templates/console.js.erb within layouts/javascript (25.1ms)
  Rendered /home/sapana/.rvm/gems/ruby-2.0.0-p451@tdd_exec/gems/web-console-2.1.2/lib/web_console/templates/main.js.erb within layouts/javascript (0.5ms)
  Rendered /home/sapana/.rvm/gems/ruby-2.0.0-p451@tdd_exec/gems/web-console-2.1.2/lib/web_console/templates/error_page.js.erb within layouts/javascript (0.7ms)
  Rendered /home/sapana/.rvm/gems/ruby-2.0.0-p451@tdd_exec/gems/web-console-2.1.2/lib/web_console/templates/index.html.erb (53.0ms)


Started GET "/users/2" for 127.0.0.1 at 2015-05-19 12:58:32 +0530

AbstractController::ActionNotFound (The action 'show' could not be found for UsersController):
  actionpack (4.2.1) lib/abstract_controller/base.rb:132:in `process'
  actionview (4.2.1) lib/action_view/rendering.rb:30:in `process'
  actionpack (4.2.1) lib/action_controller/metal.rb:196:in `dispatch'
  actionpack (4.2.1) lib/action_controller/metal/rack_delegation.rb:13:in `dispatch'
  actionpack (4.2.1) lib/action_controller/metal.rb:237:in `block in action'
  actionpack (4.2.1) lib/action_dispatch/routing/route_set.rb:74:in `call'
  actionpack (4.2.1) lib/action_dispatch/routing/route_set.rb:74:in `dispatch'
  actionpack (4.2.1) lib/action_dispatch/routing/route_set.rb:43:in `serve'
  actionpack (4.2.1) lib/action_dispatch/journey/router.rb:43:in `block in serve'
  actionpack (4.2.1) lib/action_dispatch/journey/router.rb:30:in `each'
  actionpack (4.2.1) lib/action_dispatch/journey/router.rb:30:in `serve'
  actionpack (4.2.1) lib/action_dispatch/routing/route_set.rb:819:in `call'
  rack (1.6.1) lib/rack/etag.rb:24:in `call'
  rack (1.6.1) lib/rack/conditionalget.rb:25:in `call'
  rack (1.6.1) lib/rack/head.rb:13:in `call'
  actionpack (4.2.1) lib/action_dispatch/middleware/params_parser.rb:27:in `call'
  actionpack (4.2.1) lib/action_dispatch/middleware/flash.rb:260:in `call'
  rack (1.6.1) lib/rack/session/abstract/id.rb:225:in `context'
  rack (1.6.1) lib/rack/session/abstract/id.rb:220:in `call'
  actionpack (4.2.1) lib/action_dispatch/middleware/cookies.rb:560:in `call'
  activerecord (4.2.1) lib/active_record/query_cache.rb:36:in `call'
  activerecord (4.2.1) lib/active_record/connection_adapters/abstract/connection_pool.rb:649:in `call'
  activerecord (4.2.1) lib/active_record/migration.rb:378:in `call'
  actionpack (4.2.1) lib/action_dispatch/middleware/callbacks.rb:29:in `block in call'
  activesupport (4.2.1) lib/active_support/callbacks.rb:88:in `call'
  activesupport (4.2.1) lib/active_support/callbacks.rb:88:in `_run_callbacks'
  activesupport (4.2.1) lib/active_support/callbacks.rb:776:in `_run_call_callbacks'
  activesupport (4.2.1) lib/active_support/callbacks.rb:81:in `run_callbacks'
  actionpack (4.2.1) lib/action_dispatch/middleware/callbacks.rb:27:in `call'
  actionpack (4.2.1) lib/action_dispatch/middleware/reloader.rb:73:in `call'
  actionpack (4.2.1) lib/action_dispatch/middleware/remote_ip.rb:78:in `call'
  actionpack (4.2.1) lib/action_dispatch/middleware/debug_exceptions.rb:17:in `call'
  web-console (2.1.2) lib/web_console/middleware.rb:37:in `call'
  actionpack (4.2.1) lib/action_dispatch/middleware/show_exceptions.rb:30:in `call'
  railties (4.2.1) lib/rails/rack/logger.rb:38:in `call_app'
  railties (4.2.1) lib/rails/rack/logger.rb:20:in `block in call'
  activesupport (4.2.1) lib/active_support/tagged_logging.rb:68:in `block in tagged'
  activesupport (4.2.1) lib/active_support/tagged_logging.rb:26:in `tagged'
  activesupport (4.2.1) lib/active_support/tagged_logging.rb:68:in `tagged'
  railties (4.2.1) lib/rails/rack/logger.rb:20:in `call'
  actionpack (4.2.1) lib/action_dispatch/middleware/request_id.rb:21:in `call'
  rack (1.6.1) lib/rack/methodoverride.rb:22:in `call'
  rack (1.6.1) lib/rack/runtime.rb:18:in `call'
  activesupport (4.2.1) lib/active_support/cache/strategy/local_cache_middleware.rb:28:in `call'
  rack (1.6.1) lib/rack/lock.rb:17:in `call'
  actionpack (4.2.1) lib/action_dispatch/middleware/static.rb:113:in `call'
  rack (1.6.1) lib/rack/sendfile.rb:113:in `call'
  railties (4.2.1) lib/rails/engine.rb:518:in `call'
  railties (4.2.1) lib/rails/application.rb:164:in `call'
  rack (1.6.1) lib/rack/lock.rb:17:in `call'
  rack (1.6.1) lib/rack/content_length.rb:15:in `call'
  rack (1.6.1) lib/rack/handler/webrick.rb:89:in `service'
  /home/sapana/.rvm/rubies/ruby-2.0.0-p451/lib/ruby/2.0.0/webrick/httpserver.rb:138:in `service'
  /home/sapana/.rvm/rubies/ruby-2.0.0-p451/lib/ruby/2.0.0/webrick/httpserver.rb:94:in `run'
  /home/sapana/.rvm/rubies/ruby-2.0.0-p451/lib/ruby/2.0.0/webrick/server.rb:295:in `block in start_thread'


  Rendered /home/sapana/.rvm/gems/ruby-2.0.0-p451@tdd_exec/gems/actionpack-4.2.1/lib/action_dispatch/middleware/templates/rescues/unknown_action.html.erb within rescues/layout (0.6ms)
  Rendered /home/sapana/.rvm/gems/ruby-2.0.0-p451@tdd_exec/gems/web-console-2.1.2/lib/web_console/templates/_markup.html.erb (0.7ms)
  Rendered /home/sapana/.rvm/gems/ruby-2.0.0-p451@tdd_exec/gems/web-console-2.1.2/lib/web_console/templates/style.css.erb within layouts/inlined_string (0.7ms)
  Rendered /home/sapana/.rvm/gems/ruby-2.0.0-p451@tdd_exec/gems/web-console-2.1.2/lib/web_console/templates/_inner_console_markup.html.erb within layouts/inlined_string (0.6ms)
  Rendered /home/sapana/.rvm/gems/ruby-2.0.0-p451@tdd_exec/gems/web-console-2.1.2/lib/web_console/templates/_prompt_box_markup.html.erb within layouts/inlined_string (0.6ms)
  Rendered /home/sapana/.rvm/gems/ruby-2.0.0-p451@tdd_exec/gems/web-console-2.1.2/lib/web_console/templates/console.js.erb within layouts/javascript (118.1ms)
  Rendered /home/sapana/.rvm/gems/ruby-2.0.0-p451@tdd_exec/gems/web-console-2.1.2/lib/web_console/templates/main.js.erb within layouts/javascript (0.6ms)
  Rendered /home/sapana/.rvm/gems/ruby-2.0.0-p451@tdd_exec/gems/web-console-2.1.2/lib/web_console/templates/error_page.js.erb within layouts/javascript (0.7ms)
  Rendered /home/sapana/.rvm/gems/ruby-2.0.0-p451@tdd_exec/gems/web-console-2.1.2/lib/web_console/templates/index.html.erb (147.4ms)


Started GET "/users" for 127.0.0.1 at 2015-05-19 12:58:36 +0530
Processing by UsersController#index as HTML
  [1m[35mUser Load (0.4ms)[0m  SELECT `users`.* FROM `users`
  Rendered users/index.html.erb within layouts/application (37.9ms)
Completed 500 Internal Server Error in 45ms (ActiveRecord: 1.9ms)

ActionView::Template::Error (undefined local variable or method `vendor' for #<#<Class:0xb44ca18>:0xb451a2c>):
    20:           <%= user.admin %>
    21:         </td>      
    22:         <td class="text-center">        
    23:           <%= link_to 'Show', vendor, title: "Show" %>
    24:           <%= link_to 'Edit', edit_vendor_path(vendor), title: "Edit" %>
    25:           <%= link_to 'Delete', vendor, :method => :delete, title: "Delete", :data => { :confirm => "Are you sure you want to delete user: #{user.name}?" } %>         
    26:         </td>
  app/views/users/index.html.erb:23:in `block in _app_views_users_index_html_erb__828461865_94553000'
  app/views/users/index.html.erb:11:in `_app_views_users_index_html_erb__828461865_94553000'


  Rendered /home/sapana/.rvm/gems/ruby-2.0.0-p451@tdd_exec/gems/actionpack-4.2.1/lib/action_dispatch/middleware/templates/rescues/_source.erb (11.8ms)
  Rendered /home/sapana/.rvm/gems/ruby-2.0.0-p451@tdd_exec/gems/actionpack-4.2.1/lib/action_dispatch/middleware/templates/rescues/_trace.html.erb (4.6ms)
  Rendered /home/sapana/.rvm/gems/ruby-2.0.0-p451@tdd_exec/gems/actionpack-4.2.1/lib/action_dispatch/middleware/templates/rescues/_request_and_response.html.erb (1.4ms)
  Rendered /home/sapana/.rvm/gems/ruby-2.0.0-p451@tdd_exec/gems/actionpack-4.2.1/lib/action_dispatch/middleware/templates/rescues/template_error.html.erb within rescues/layout (37.6ms)
  Rendered /home/sapana/.rvm/gems/ruby-2.0.0-p451@tdd_exec/gems/web-console-2.1.2/lib/web_console/templates/_markup.html.erb (0.6ms)
  Rendered /home/sapana/.rvm/gems/ruby-2.0.0-p451@tdd_exec/gems/web-console-2.1.2/lib/web_console/templates/style.css.erb within layouts/inlined_string (0.5ms)
  Rendered /home/sapana/.rvm/gems/ruby-2.0.0-p451@tdd_exec/gems/web-console-2.1.2/lib/web_console/templates/_inner_console_markup.html.erb within layouts/inlined_string (0.5ms)
  Rendered /home/sapana/.rvm/gems/ruby-2.0.0-p451@tdd_exec/gems/web-console-2.1.2/lib/web_console/templates/_prompt_box_markup.html.erb within layouts/inlined_string (0.5ms)
  Rendered /home/sapana/.rvm/gems/ruby-2.0.0-p451@tdd_exec/gems/web-console-2.1.2/lib/web_console/templates/console.js.erb within layouts/javascript (23.8ms)
  Rendered /home/sapana/.rvm/gems/ruby-2.0.0-p451@tdd_exec/gems/web-console-2.1.2/lib/web_console/templates/main.js.erb within layouts/javascript (0.6ms)
  Rendered /home/sapana/.rvm/gems/ruby-2.0.0-p451@tdd_exec/gems/web-console-2.1.2/lib/web_console/templates/error_page.js.erb within layouts/javascript (0.7ms)
  Rendered /home/sapana/.rvm/gems/ruby-2.0.0-p451@tdd_exec/gems/web-console-2.1.2/lib/web_console/templates/index.html.erb (51.6ms)


Started GET "/users" for 127.0.0.1 at 2015-05-19 12:59:00 +0530
Processing by UsersController#index as HTML
  [1m[36mUser Load (0.2ms)[0m  [1mSELECT `users`.* FROM `users`[0m
  Rendered users/index.html.erb within layouts/application (3.3ms)
Completed 200 OK in 48ms (Views: 47.1ms | ActiveRecord: 0.2ms)


Started GET "/assets/scaffolds.self-ae8f8bf1e539be2d667e0ef2f5b5b570d151d4507a098052ea78315100749a3e.css?body=1" for 127.0.0.1 at 2015-05-19 12:59:00 +0530


Started GET "/assets/users.self-e3b0c44298fc1c149afbf4c8996fb92427ae41e4649b934ca495991b7852b855.css?body=1" for 127.0.0.1 at 2015-05-19 12:59:00 +0530


Started GET "/assets/application.self-e80e8f2318043e8af94dddc2adad5a4f09739a8ebb323b3ab31cd71d45fd9113.css?body=1" for 127.0.0.1 at 2015-05-19 12:59:00 +0530


Started GET "/assets/jquery.self-d03a5518f45df77341bdbe6201ba3bfa547ebba8ed64f0ea56bfa5f96ea7c074.js?body=1" for 127.0.0.1 at 2015-05-19 12:59:00 +0530


Started GET "/assets/jquery_ujs.self-8e98a7a072a6cee1372d19fff9ff3e6aa1e39a37d89d6f06861637d061113ee7.js?body=1" for 127.0.0.1 at 2015-05-19 12:59:00 +0530


Started GET "/assets/users.self-877aef30ae1b040ab8a3aba4e3e309a11d7f2612f44dde450b5c157aa5f95c05.js?body=1" for 127.0.0.1 at 2015-05-19 12:59:00 +0530


Started GET "/assets/application.self-3b8dabdc891efe46b9a144b400ad69e37d7e5876bdc39dee783419a69d7ca819.js?body=1" for 127.0.0.1 at 2015-05-19 12:59:00 +0530


Started GET "/assets/turbolinks.self-c37727e9bd6b2735da5c311aa83fead54ed0be6cc8bd9a65309e9c5abe2cbfff.js?body=1" for 127.0.0.1 at 2015-05-19 12:59:00 +0530


Started GET "/users" for 127.0.0.1 at 2015-05-19 19:40:34 +0530
Processing by UsersController#index as HTML
  [1m[35mUser Load (0.2ms)[0m  SELECT `users`.* FROM `users`
  Rendered users/index.html.erb within layouts/application (14.6ms)
Completed 200 OK in 59ms (Views: 53.0ms | ActiveRecord: 1.6ms)


Started GET "/assets/scaffolds.self-ae8f8bf1e539be2d667e0ef2f5b5b570d151d4507a098052ea78315100749a3e.css?body=1" for 127.0.0.1 at 2015-05-19 19:40:34 +0530


Started GET "/assets/users.self-e3b0c44298fc1c149afbf4c8996fb92427ae41e4649b934ca495991b7852b855.css?body=1" for 127.0.0.1 at 2015-05-19 19:40:34 +0530


Started GET "/assets/application.self-e80e8f2318043e8af94dddc2adad5a4f09739a8ebb323b3ab31cd71d45fd9113.css?body=1" for 127.0.0.1 at 2015-05-19 19:40:34 +0530


Started GET "/assets/jquery.self-d03a5518f45df77341bdbe6201ba3bfa547ebba8ed64f0ea56bfa5f96ea7c074.js?body=1" for 127.0.0.1 at 2015-05-19 19:40:34 +0530


Started GET "/assets/application.self-3b8dabdc891efe46b9a144b400ad69e37d7e5876bdc39dee783419a69d7ca819.js?body=1" for 127.0.0.1 at 2015-05-19 19:40:34 +0530


Started GET "/assets/jquery_ujs.self-8e98a7a072a6cee1372d19fff9ff3e6aa1e39a37d89d6f06861637d061113ee7.js?body=1" for 127.0.0.1 at 2015-05-19 19:40:34 +0530


Started GET "/assets/turbolinks.self-c37727e9bd6b2735da5c311aa83fead54ed0be6cc8bd9a65309e9c5abe2cbfff.js?body=1" for 127.0.0.1 at 2015-05-19 19:40:34 +0530


Started GET "/assets/users.self-877aef30ae1b040ab8a3aba4e3e309a11d7f2612f44dde450b5c157aa5f95c05.js?body=1" for 127.0.0.1 at 2015-05-19 19:40:34 +0530


Started GET "/users/new" for 127.0.0.1 at 2015-05-19 19:40:58 +0530
Processing by UsersController#new as HTML
  Rendered users/_user_form.html.erb (5.3ms)
  Rendered users/new.html.erb within layouts/application (7.1ms)
Completed 200 OK in 143ms (Views: 141.3ms | ActiveRecord: 0.0ms)


Started POST "/users" for 127.0.0.1 at 2015-05-19 19:46:56 +0530
Processing by UsersController#create as HTML
  Parameters: {"utf8"=>"✓", "authenticity_token"=>"OVT5uf7KX9F0MSiZphvuocPuzoh76ynU4DrsZN4Rlji5GEdjD1eKI3H26QVDKHYeA4VduRtpHKpxLq6qgcq+GQ==", "user"=>{"name"=>"sdf", "email"=>"sapna@ymail.com", "password"=>"[FILTERED]"}, "button"=>""}
  [1m[36m (0.2ms)[0m  [1mBEGIN[0m
  [1m[35mUser Exists (0.6ms)[0m  SELECT  1 AS one FROM `users` WHERE `users`.`email` = 'sapna@ymail.com' LIMIT 1
  [1m[36m (0.3ms)[0m  [1mROLLBACK[0m
  Rendered users/_user_form.html.erb (7.1ms)
  Rendered users/new.html.erb within layouts/application (8.3ms)
Completed 200 OK in 67ms (Views: 56.0ms | ActiveRecord: 1.1ms)


Started POST "/users" for 127.0.0.1 at 2015-05-19 19:47:02 +0530
Processing by UsersController#create as HTML
  Parameters: {"utf8"=>"✓", "authenticity_token"=>"8sKkdUI6e7F3aVGwlaxiLt04AQi2E5T3tbjVXbp2cxtyjhqvs6euQ3KukCxwn/qRHVOSOdaRoYkkrJeT5a1bOg==", "user"=>{"name"=>"sdf", "email"=>"sapna@ymail.com", "password"=>"[FILTERED]"}, "button"=>""}
  [1m[35m (0.2ms)[0m  BEGIN
  [1m[36mUser Exists (0.2ms)[0m  [1mSELECT  1 AS one FROM `users` WHERE `users`.`email` = 'sapna@ymail.com' LIMIT 1[0m
  [1m[35mSQL (0.3ms)[0m  INSERT INTO `users` (`name`, `email`, `password`, `created_at`, `updated_at`) VALUES ('sdf', 'sapna@ymail.com', 'sapna123', '2015-05-19 14:17:02', '2015-05-19 14:17:02')
  [1m[36m (91.5ms)[0m  [1mCOMMIT[0m
Redirected to http://localhost:3000/users
Completed 302 Found in 99ms (ActiveRecord: 92.2ms)


Started GET "/users" for 127.0.0.1 at 2015-05-19 19:47:02 +0530
Processing by UsersController#index as HTML
  [1m[35mUser Load (0.4ms)[0m  SELECT `users`.* FROM `users`
  Rendered users/index.html.erb within layouts/application (4.3ms)
Completed 200 OK in 48ms (Views: 46.6ms | ActiveRecord: 0.4ms)


Started GET "/users" for 127.0.0.1 at 2015-05-19 19:50:16 +0530
Processing by UsersController#index as HTML
  [1m[36mUser Load (0.1ms)[0m  [1mSELECT `users`.* FROM `users`[0m
  Rendered users/index.html.erb within layouts/application (2.6ms)
Completed 200 OK in 47ms (Views: 45.4ms | ActiveRecord: 0.1ms)


Started GET "/assets/jquery_ujs.self-8e98a7a072a6cee1372d19fff9ff3e6aa1e39a37d89d6f06861637d061113ee7.js?body=1" for 127.0.0.1 at 2015-05-19 19:50:17 +0530


Started GET "/assets/turbolinks.self-c37727e9bd6b2735da5c311aa83fead54ed0be6cc8bd9a65309e9c5abe2cbfff.js?body=1" for 127.0.0.1 at 2015-05-19 19:50:17 +0530


Started GET "/assets/users.self-877aef30ae1b040ab8a3aba4e3e309a11d7f2612f44dde450b5c157aa5f95c05.js?body=1" for 127.0.0.1 at 2015-05-19 19:50:17 +0530


Started GET "/assets/application.self-3b8dabdc891efe46b9a144b400ad69e37d7e5876bdc39dee783419a69d7ca819.js?body=1" for 127.0.0.1 at 2015-05-19 19:50:17 +0530


Started GET "/assets/users.self-e3b0c44298fc1c149afbf4c8996fb92427ae41e4649b934ca495991b7852b855.css?body=1" for 127.0.0.1 at 2015-05-19 19:50:17 +0530


Started GET "/assets/application.self-e80e8f2318043e8af94dddc2adad5a4f09739a8ebb323b3ab31cd71d45fd9113.css?body=1" for 127.0.0.1 at 2015-05-19 19:50:17 +0530


Started GET "/assets/scaffolds.self-ae8f8bf1e539be2d667e0ef2f5b5b570d151d4507a098052ea78315100749a3e.css?body=1" for 127.0.0.1 at 2015-05-19 19:50:17 +0530


Started GET "/assets/jquery.self-d03a5518f45df77341bdbe6201ba3bfa547ebba8ed64f0ea56bfa5f96ea7c074.js?body=1" for 127.0.0.1 at 2015-05-19 19:50:17 +0530


Started GET "/users/new" for 127.0.0.1 at 2015-05-19 19:50:19 +0530
Processing by UsersController#new as HTML
  Rendered users/_user_form.html.erb (5.2ms)
  Rendered users/new.html.erb within layouts/application (6.4ms)
Completed 200 OK in 46ms (Views: 44.8ms | ActiveRecord: 0.0ms)


Started POST "/users" for 127.0.0.1 at 2015-05-19 19:50:33 +0530
Processing by UsersController#create as HTML
  Parameters: {"utf8"=>"✓", "authenticity_token"=>"d5XSTTITi99I3dhQldBhxoB+uadmOzLau+m9H//Z4zr32WyXw45eLU0aGcxw4/l5QBUqlga5B6Qq/f/RoALLGw==", "user"=>{"name"=>"John Bravo", "email"=>"jj@ymail.com", "password"=>"[FILTERED]"}, "button"=>""}
  [1m[35m (0.2ms)[0m  BEGIN
  [1m[36mUser Exists (0.5ms)[0m  [1mSELECT  1 AS one FROM `users` WHERE `users`.`email` = 'jj@ymail.com' LIMIT 1[0m
  [1m[35mSQL (0.4ms)[0m  INSERT INTO `users` (`name`, `email`, `password`, `created_at`, `updated_at`) VALUES ('John Bravo', 'jj@ymail.com', 'jj123', '2015-05-19 14:20:33', '2015-05-19 14:20:33')
  [1m[36m (49.7ms)[0m  [1mCOMMIT[0m
Redirected to http://localhost:3000/users
Completed 302 Found in 58ms (ActiveRecord: 50.7ms)


Started GET "/users" for 127.0.0.1 at 2015-05-19 19:50:33 +0530
Processing by UsersController#index as HTML
  [1m[35mUser Load (0.4ms)[0m  SELECT `users`.* FROM `users`
  Rendered users/index.html.erb within layouts/application (4.6ms)
Completed 200 OK in 150ms (Views: 147.2ms | ActiveRecord: 0.4ms)


Started GET "/" for 127.0.0.1 at 2015-05-20 15:33:49 +0530
  [1m[36mActiveRecord::SchemaMigration Load (0.1ms)[0m  [1mSELECT `schema_migrations`.* FROM `schema_migrations`[0m
Processing by UsersController#index as HTML
  [1m[35mUser Load (0.2ms)[0m  SELECT `users`.* FROM `users`
  Rendered users/index.html.erb within layouts/application (19.6ms)
Completed 200 OK in 1123ms (Views: 1075.8ms | ActiveRecord: 1.5ms)


Started GET "/" for 127.0.0.1 at 2015-05-20 17:24:16 +0530
  [1m[36mActiveRecord::SchemaMigration Load (0.2ms)[0m  [1mSELECT `schema_migrations`.* FROM `schema_migrations`[0m
Processing by UsersController#index as HTML
  [1m[35mUser Load (0.2ms)[0m  SELECT `users`.* FROM `users`
  Rendered users/index.html.erb within layouts/application (28.0ms)
Completed 200 OK in 916ms (Views: 857.0ms | ActiveRecord: 3.4ms)


Started GET "/assets/scaffolds.self-ae8f8bf1e539be2d667e0ef2f5b5b570d151d4507a098052ea78315100749a3e.css?body=1" for 127.0.0.1 at 2015-05-20 17:24:18 +0530


Started GET "/assets/users.self-e3b0c44298fc1c149afbf4c8996fb92427ae41e4649b934ca495991b7852b855.css?body=1" for 127.0.0.1 at 2015-05-20 17:24:18 +0530


Started GET "/assets/application.self-e80e8f2318043e8af94dddc2adad5a4f09739a8ebb323b3ab31cd71d45fd9113.css?body=1" for 127.0.0.1 at 2015-05-20 17:24:18 +0530


Started GET "/assets/jquery.self-d03a5518f45df77341bdbe6201ba3bfa547ebba8ed64f0ea56bfa5f96ea7c074.js?body=1" for 127.0.0.1 at 2015-05-20 17:24:18 +0530


Started GET "/assets/jquery_ujs.self-8e98a7a072a6cee1372d19fff9ff3e6aa1e39a37d89d6f06861637d061113ee7.js?body=1" for 127.0.0.1 at 2015-05-20 17:24:18 +0530


Started GET "/assets/turbolinks.self-c37727e9bd6b2735da5c311aa83fead54ed0be6cc8bd9a65309e9c5abe2cbfff.js?body=1" for 127.0.0.1 at 2015-05-20 17:24:18 +0530


Started GET "/assets/users.self-877aef30ae1b040ab8a3aba4e3e309a11d7f2612f44dde450b5c157aa5f95c05.js?body=1" for 127.0.0.1 at 2015-05-20 17:24:18 +0530


Started GET "/assets/application.self-3b8dabdc891efe46b9a144b400ad69e37d7e5876bdc39dee783419a69d7ca819.js?body=1" for 127.0.0.1 at 2015-05-20 17:24:18 +0530
